<?xml version="1.0" encoding="UTF-8"?>
<!-- Generated by org.testng.reporters.JUnitReportReporter -->
<testsuite skipped="0" hostname="A2ML18523" name="com.newtours.com.AutomationTest" tests="1" failures="0" timestamp="2020-02-17T12:09:28 IST" time="0.019" errors="0">
  <testcase name="testApp" time="0.019" classname="com.newtours.com.AutomationTest"/>
</testsuite> <!-- com.newtours.com.AutomationTest -->
